2011-08-29 19:52:00,973 [main] DEBUG: edu.cmu.ri.createlab.terk.application.TerkApplication: TerkApplication.TerkApplication()
2011-08-29 19:52:00,974 [main] INFO : edu.cmu.ri.createlab.terk.application.TerkApplication: TerkApplication.TerkApplication(): System property [terk-application.connection-strategy.class.name] is not defined.  Attempting to use default [edu.cmu.ri.createlab.terk.robot.finch.LocalFinchConnectionStrategy] implementation class instead.
2011-08-29 19:52:00,982 [main] DEBUG: edu.cmu.ri.createlab.terk.application.TerkApplication: TerkApplication.TerkApplication(): successfully instantiated ConnectionStrategy implementation class [edu.cmu.ri.createlab.terk.robot.finch.LocalFinchConnectionStrategy]
2011-08-29 19:52:01,162 [main] DEBUG: edu.cmu.ri.createlab.device.connectivity.BaseCreateLabDeviceConnectivityManager: BaseCreateLabDeviceConnectivityManager: scanAndConnectWorkhorseRunnable.run()
2011-08-29 19:52:01,162 [main] DEBUG: edu.cmu.ri.createlab.device.connectivity.BaseCreateLabDeviceConnectivityManager: BaseCreateLabDeviceConnectivityManager.disconnect()
2011-08-29 19:52:01,162 [main] DEBUG: edu.cmu.ri.createlab.terk.robot.finch.LocalFinchConnectionStrategy: LocalFinchConnectionStrategy.handleConnectionStateChange(): OLD [Disconnected]  NEW [Disconnected]  port []
2011-08-29 19:52:01,163 [BaseCreateLabDeviceConnectivityManager.executorService pool-1-thread-1] DEBUG: edu.cmu.ri.createlab.device.connectivity.BaseCreateLabDeviceConnectivityManager: CreateLabDeviceConnectivityManagerImpl$DeviceScanner.run()
2011-08-29 19:52:01,163 [BaseCreateLabDeviceConnectivityManager.executorService pool-1-thread-1] DEBUG: edu.cmu.ri.createlab.terk.robot.finch.LocalFinchConnectionStrategy: LocalFinchConnectionStrategy.handleConnectionStateChange(): OLD [Disconnected]  NEW [Scanning]  port []
2011-08-29 19:52:01,167 [BaseCreateLabDeviceConnectivityManager.executorService pool-1-thread-1] DEBUG: edu.cmu.ri.createlab.terk.robot.finch.DefaultFinchController: DefaultFinchController.create(): creating HID device for vendor ID [2354] and product ID [1111]
2011-08-29 19:52:01,439 [BaseCreateLabDeviceConnectivityManager.executorService pool-1-thread-1] DEBUG: edu.cmu.ri.createlab.terk.robot.finch.DefaultFinchController: DefaultFinchController.create(): attempting connection...
2011-08-29 19:52:01,439 [BaseCreateLabDeviceConnectivityManager.executorService pool-1-thread-1] DEBUG: edu.cmu.ri.createlab.usb.hid.hidapi.BaseHIDAPIDevice: BaseHIDAPIDevice.readDeviceInfo(): looking for device with vendor id [2354] and product id [1111]
2011-08-29 19:52:01,440 [BaseCreateLabDeviceConnectivityManager.executorService pool-1-thread-1] DEBUG: edu.cmu.ri.createlab.util.NativeLibraryVersionChooser: NativeLibraryVersionChooser.getLibraryName(): sun.arch.data.model system property = [64]
2011-08-29 19:52:01,440 [BaseCreateLabDeviceConnectivityManager.executorService pool-1-thread-1] DEBUG: edu.cmu.ri.createlab.util.NativeLibraryVersionChooser: NativeLibraryVersionChooser.getLibraryName(): trying to load library [hidapi64]...
2011-08-29 19:52:01,440 [BaseCreateLabDeviceConnectivityManager.executorService pool-1-thread-1] DEBUG: edu.cmu.ri.createlab.util.NativeLibraryVersionChooser: NativeLibraryVersionChooser.getLibraryName(): trying to load library [hidapi32]...
2011-08-29 19:52:01,442 [BaseCreateLabDeviceConnectivityManager.executorService pool-1-thread-1] ERROR: edu.cmu.ri.createlab.util.NativeLibraryVersionChooser: NativeLibraryVersionChooser.getLibraryName(): no compatible library found
2011-08-30 11:21:22,441 [main] DEBUG: edu.cmu.ri.createlab.terk.application.TerkApplication: TerkApplication.TerkApplication()
2011-08-30 11:21:22,441 [main] INFO : edu.cmu.ri.createlab.terk.application.TerkApplication: TerkApplication.TerkApplication(): System property [terk-application.connection-strategy.class.name] is not defined.  Attempting to use default [edu.cmu.ri.createlab.terk.robot.finch.LocalFinchConnectionStrategy] implementation class instead.
2011-08-30 11:21:22,449 [main] DEBUG: edu.cmu.ri.createlab.terk.application.TerkApplication: TerkApplication.TerkApplication(): successfully instantiated ConnectionStrategy implementation class [edu.cmu.ri.createlab.terk.robot.finch.LocalFinchConnectionStrategy]
2011-08-30 11:21:22,642 [main] DEBUG: edu.cmu.ri.createlab.device.connectivity.BaseCreateLabDeviceConnectivityManager: BaseCreateLabDeviceConnectivityManager: scanAndConnectWorkhorseRunnable.run()
2011-08-30 11:21:22,642 [main] DEBUG: edu.cmu.ri.createlab.device.connectivity.BaseCreateLabDeviceConnectivityManager: BaseCreateLabDeviceConnectivityManager.disconnect()
2011-08-30 11:21:22,642 [main] DEBUG: edu.cmu.ri.createlab.terk.robot.finch.LocalFinchConnectionStrategy: LocalFinchConnectionStrategy.handleConnectionStateChange(): OLD [Disconnected]  NEW [Disconnected]  port []
2011-08-30 11:21:22,643 [BaseCreateLabDeviceConnectivityManager.executorService pool-1-thread-1] DEBUG: edu.cmu.ri.createlab.device.connectivity.BaseCreateLabDeviceConnectivityManager: CreateLabDeviceConnectivityManagerImpl$DeviceScanner.run()
2011-08-30 11:21:22,643 [BaseCreateLabDeviceConnectivityManager.executorService pool-1-thread-1] DEBUG: edu.cmu.ri.createlab.terk.robot.finch.LocalFinchConnectionStrategy: LocalFinchConnectionStrategy.handleConnectionStateChange(): OLD [Disconnected]  NEW [Scanning]  port []
2011-08-30 11:21:22,646 [BaseCreateLabDeviceConnectivityManager.executorService pool-1-thread-1] DEBUG: edu.cmu.ri.createlab.terk.robot.finch.DefaultFinchController: DefaultFinchController.create(): creating HID device for vendor ID [2354] and product ID [1111]
2011-08-30 11:21:22,929 [BaseCreateLabDeviceConnectivityManager.executorService pool-1-thread-1] DEBUG: edu.cmu.ri.createlab.terk.robot.finch.DefaultFinchController: DefaultFinchController.create(): attempting connection...
2011-08-30 11:21:22,929 [BaseCreateLabDeviceConnectivityManager.executorService pool-1-thread-1] DEBUG: edu.cmu.ri.createlab.usb.hid.hidapi.BaseHIDAPIDevice: BaseHIDAPIDevice.readDeviceInfo(): looking for device with vendor id [2354] and product id [1111]
2011-08-30 11:21:22,930 [BaseCreateLabDeviceConnectivityManager.executorService pool-1-thread-1] DEBUG: edu.cmu.ri.createlab.util.NativeLibraryVersionChooser: NativeLibraryVersionChooser.getLibraryName(): sun.arch.data.model system property = [64]
2011-08-30 11:21:22,930 [BaseCreateLabDeviceConnectivityManager.executorService pool-1-thread-1] DEBUG: edu.cmu.ri.createlab.util.NativeLibraryVersionChooser: NativeLibraryVersionChooser.getLibraryName(): trying to load library [hidapi64]...
2011-08-30 11:21:22,931 [BaseCreateLabDeviceConnectivityManager.executorService pool-1-thread-1] DEBUG: edu.cmu.ri.createlab.util.NativeLibraryVersionChooser: NativeLibraryVersionChooser.getLibraryName(): trying to load library [hidapi32]...
2011-08-30 11:21:22,932 [BaseCreateLabDeviceConnectivityManager.executorService pool-1-thread-1] ERROR: edu.cmu.ri.createlab.util.NativeLibraryVersionChooser: NativeLibraryVersionChooser.getLibraryName(): no compatible library found
2011-08-30 11:24:21,320 [main] DEBUG: edu.cmu.ri.createlab.terk.application.TerkApplication: TerkApplication.TerkApplication()
2011-08-30 11:24:21,320 [main] INFO : edu.cmu.ri.createlab.terk.application.TerkApplication: TerkApplication.TerkApplication(): System property [terk-application.connection-strategy.class.name] is not defined.  Attempting to use default [edu.cmu.ri.createlab.terk.robot.finch.LocalFinchConnectionStrategy] implementation class instead.
2011-08-30 11:24:21,329 [main] DEBUG: edu.cmu.ri.createlab.terk.application.TerkApplication: TerkApplication.TerkApplication(): successfully instantiated ConnectionStrategy implementation class [edu.cmu.ri.createlab.terk.robot.finch.LocalFinchConnectionStrategy]
2011-08-30 11:24:21,510 [main] DEBUG: edu.cmu.ri.createlab.device.connectivity.BaseCreateLabDeviceConnectivityManager: BaseCreateLabDeviceConnectivityManager: scanAndConnectWorkhorseRunnable.run()
2011-08-30 11:24:21,510 [main] DEBUG: edu.cmu.ri.createlab.device.connectivity.BaseCreateLabDeviceConnectivityManager: BaseCreateLabDeviceConnectivityManager.disconnect()
2011-08-30 11:24:21,511 [main] DEBUG: edu.cmu.ri.createlab.terk.robot.finch.LocalFinchConnectionStrategy: LocalFinchConnectionStrategy.handleConnectionStateChange(): OLD [Disconnected]  NEW [Disconnected]  port []
2011-08-30 11:24:21,511 [BaseCreateLabDeviceConnectivityManager.executorService pool-1-thread-1] DEBUG: edu.cmu.ri.createlab.device.connectivity.BaseCreateLabDeviceConnectivityManager: CreateLabDeviceConnectivityManagerImpl$DeviceScanner.run()
2011-08-30 11:24:21,511 [BaseCreateLabDeviceConnectivityManager.executorService pool-1-thread-1] DEBUG: edu.cmu.ri.createlab.terk.robot.finch.LocalFinchConnectionStrategy: LocalFinchConnectionStrategy.handleConnectionStateChange(): OLD [Disconnected]  NEW [Scanning]  port []
2011-08-30 11:24:21,515 [BaseCreateLabDeviceConnectivityManager.executorService pool-1-thread-1] DEBUG: edu.cmu.ri.createlab.terk.robot.finch.DefaultFinchController: DefaultFinchController.create(): creating HID device for vendor ID [2354] and product ID [1111]
2011-08-30 11:24:21,786 [BaseCreateLabDeviceConnectivityManager.executorService pool-1-thread-1] DEBUG: edu.cmu.ri.createlab.terk.robot.finch.DefaultFinchController: DefaultFinchController.create(): attempting connection...
2011-08-30 11:24:21,786 [BaseCreateLabDeviceConnectivityManager.executorService pool-1-thread-1] DEBUG: edu.cmu.ri.createlab.usb.hid.hidapi.BaseHIDAPIDevice: BaseHIDAPIDevice.readDeviceInfo(): looking for device with vendor id [2354] and product id [1111]
2011-08-30 11:24:21,787 [BaseCreateLabDeviceConnectivityManager.executorService pool-1-thread-1] DEBUG: edu.cmu.ri.createlab.util.NativeLibraryVersionChooser: NativeLibraryVersionChooser.getLibraryName(): sun.arch.data.model system property = [64]
2011-08-30 11:24:21,787 [BaseCreateLabDeviceConnectivityManager.executorService pool-1-thread-1] DEBUG: edu.cmu.ri.createlab.util.NativeLibraryVersionChooser: NativeLibraryVersionChooser.getLibraryName(): trying to load library [hidapi64]...
2011-08-30 11:24:21,789 [BaseCreateLabDeviceConnectivityManager.executorService pool-1-thread-1] DEBUG: edu.cmu.ri.createlab.util.NativeLibraryVersionChooser: NativeLibraryVersionChooser.getLibraryName(): successfully loaded library [hidapi64]
2011-08-30 11:24:21,789 [BaseCreateLabDeviceConnectivityManager.executorService pool-1-thread-1] DEBUG: edu.cmu.ri.createlab.util.NativeLibraryVersionChooser: NativeLibraryVersionChooser.getLibraryName(): returning [hidapi64]
2011-08-30 11:24:22,469 [BaseCreateLabDeviceConnectivityManager.executorService pool-1-thread-1] DEBUG: edu.cmu.ri.createlab.usb.hid.hidapi.BaseHIDAPIDevice: BaseHIDAPIDevice.readDeviceInfo(): found matching device:
2011-08-30 11:24:22,469 [BaseCreateLabDeviceConnectivityManager.executorService pool-1-thread-1] DEBUG: edu.cmu.ri.createlab.usb.hid.hidapi.BaseHIDAPIDevice:    manufacturer   = [BirdBrain Tools]
2011-08-30 11:24:22,469 [BaseCreateLabDeviceConnectivityManager.executorService pool-1-thread-1] DEBUG: edu.cmu.ri.createlab.usb.hid.hidapi.BaseHIDAPIDevice:    product        = [Finch]
2011-08-30 11:24:22,469 [BaseCreateLabDeviceConnectivityManager.executorService pool-1-thread-1] DEBUG: edu.cmu.ri.createlab.usb.hid.hidapi.BaseHIDAPIDevice:    serial number  = [null]
2011-08-30 11:24:22,469 [BaseCreateLabDeviceConnectivityManager.executorService pool-1-thread-1] DEBUG: edu.cmu.ri.createlab.usb.hid.hidapi.BaseHIDAPIDevice:    path           = [0002:0005:00]
2011-08-30 11:24:22,469 [BaseCreateLabDeviceConnectivityManager.executorService pool-1-thread-1] DEBUG: edu.cmu.ri.createlab.usb.hid.hidapi.BaseHIDAPIDevice:    Vendor/Product = [2354|1111]
2011-08-30 11:24:22,469 [BaseCreateLabDeviceConnectivityManager.executorService pool-1-thread-1] DEBUG: edu.cmu.ri.createlab.usb.hid.hidapi.BaseHIDAPIDevice: BaseHIDAPIDevice.claimAvailableDevice(): Device with path [0002:0005:00] NOT in use, so we'll use it
2011-08-30 11:24:22,470 [BaseCreateLabDeviceConnectivityManager.executorService pool-1-thread-1] DEBUG: edu.cmu.ri.createlab.usb.hid.hidapi.BaseHIDAPIDevice: BaseHIDAPIDevice.claimAvailableDevice(): returing deviceInfo! [edu.cmu.ri.createlab.usb.hid.DeviceInfoImpl@2d7cec96]
2011-08-30 11:24:22,470 [BaseCreateLabDeviceConnectivityManager.executorService pool-1-thread-1] DEBUG: edu.cmu.ri.createlab.usb.hid.hidapi.BaseHIDAPIDevice: BaseHIDAPIDevice.claimAvailableDevice(): returning the deviceInfo [edu.cmu.ri.createlab.usb.hid.DeviceInfoImpl@2d7cec96]
2011-08-30 11:24:22,484 [BaseCreateLabDeviceConnectivityManager.executorService pool-1-thread-1] DEBUG: edu.cmu.ri.createlab.device.connectivity.BaseCreateLabDeviceConnectivityManager: CreateLabDeviceConnectivityManagerImpl$DeviceScanner.run(): connection established!
2011-08-30 11:24:22,484 [BaseCreateLabDeviceConnectivityManager.executorService pool-1-thread-1] DEBUG: edu.cmu.ri.createlab.terk.robot.finch.LocalFinchConnectionStrategy: LocalFinchConnectionStrategy.handleConnectionStateChange(): OLD [Scanning]  NEW [Connected]  port [0002:0005:00]
2011-08-30 11:24:22,492 [main] INFO : edu.cmu.ri.createlab.speech.AbstractMouth: All available voices
2011-08-30 11:24:22,506 [main] INFO : edu.cmu.ri.createlab.speech.AbstractMouth:     kevin (general domain)
2011-08-30 11:24:22,506 [main] INFO : edu.cmu.ri.createlab.speech.AbstractMouth:     kevin16 (general domain)
2011-08-30 11:24:22,506 [main] INFO : edu.cmu.ri.createlab.speech.AbstractMouth: Using voice: kevin
2011-08-30 11:24:23,003 [main] DEBUG: edu.cmu.ri.createlab.audio.AudioHelper: AudioHelper.playClip(num bytes=30906)
2011-08-30 11:24:23,076 [main] DEBUG: edu.cmu.ri.createlab.terk.robot.finch.services.FinchServiceManager: FinchServiceManager.loadService() needs to load the [::TeRK::led::FullColorLEDService] service
2011-08-30 11:24:23,076 [main] DEBUG: edu.cmu.ri.createlab.terk.robot.finch.services.FinchServiceFactory: FinchServiceFactory.createService(::TeRK::led::FullColorLEDService)
2011-08-30 11:24:23,079 [main] DEBUG: edu.cmu.ri.createlab.terk.properties.BasicPropertyManager: ServantPropertyManager.setReadOnlyProperty(device.count,1)
2011-08-30 11:24:23,079 [main] DEBUG: edu.cmu.ri.createlab.terk.properties.BasicPropertyManager: ServantPropertyManager.setReadOnlyProperty(::TeRK::led::FullColorLEDService::min-intensity,0)
2011-08-30 11:24:23,079 [main] DEBUG: edu.cmu.ri.createlab.terk.properties.BasicPropertyManager: ServantPropertyManager.setReadOnlyProperty(::TeRK::led::FullColorLEDService::max-intensity,255)
2011-08-30 11:24:23,083 [main] DEBUG: edu.cmu.ri.createlab.terk.robot.finch.services.FinchServiceManager: FinchServiceManager.loadService() needs to load the [::TeRK::motor::OpenLoopVelocityControllableMotorService] service
2011-08-30 11:24:23,083 [main] DEBUG: edu.cmu.ri.createlab.terk.robot.finch.services.FinchServiceFactory: FinchServiceFactory.createService(::TeRK::motor::OpenLoopVelocityControllableMotorService)
2011-08-30 11:24:23,084 [main] DEBUG: edu.cmu.ri.createlab.terk.properties.BasicPropertyManager: ServantPropertyManager.setReadOnlyProperty(device.count,2)
2011-08-30 11:24:23,084 [main] DEBUG: edu.cmu.ri.createlab.terk.properties.BasicPropertyManager: ServantPropertyManager.setReadOnlyProperty(::TeRK::motor::OpenLoopVelocityControllableMotorService::min-velocity,-255)
2011-08-30 11:24:23,084 [main] DEBUG: edu.cmu.ri.createlab.terk.properties.BasicPropertyManager: ServantPropertyManager.setReadOnlyProperty(::TeRK::motor::OpenLoopVelocityControllableMotorService::max-velocity,255)
2011-08-30 11:24:29,216 [main] DEBUG: edu.cmu.ri.createlab.terk.application.TerkApplication: TerkApplication.shutdown()
2011-08-30 11:24:29,216 [main] DEBUG: edu.cmu.ri.createlab.terk.application.TerkApplication: TerkApplication$shutdownRunnable.run()
2011-08-30 11:24:29,216 [main] DEBUG: edu.cmu.ri.createlab.terk.robot.finch.LocalFinchConnectionStrategy: LocalFinchConnectionStrategy.prepareForShutdown()
2011-08-30 11:24:29,216 [main] DEBUG: edu.cmu.ri.createlab.terk.robot.finch.LocalFinchConnectionStrategy: LocalFinchConnectionStrategy.disconnect()
2011-08-30 11:24:29,216 [main] DEBUG: edu.cmu.ri.createlab.device.connectivity.BaseCreateLabDeviceConnectivityManager: BaseCreateLabDeviceConnectivityManager.disconnect()
2011-08-30 11:24:29,217 [main] DEBUG: edu.cmu.ri.createlab.terk.robot.finch.DefaultFinchController: DefaultFinchController.disconnect(): Shutting down finch pinger...
2011-08-30 11:24:29,217 [main] DEBUG: edu.cmu.ri.createlab.terk.robot.finch.DefaultFinchController: DefaultFinchController.disconnect(): Successfully shut down finch pinger.
2011-08-30 11:24:29,217 [main] DEBUG: edu.cmu.ri.createlab.terk.robot.finch.DefaultFinchController: DefaultFinchController.disconnect(): Now attempting to send the disconnect command to the finch
2011-08-30 11:24:29,224 [main] DEBUG: edu.cmu.ri.createlab.terk.robot.finch.DefaultFinchController: DefaultFinchController.disconnect(): Successfully disconnected from the finch.
2011-08-30 11:24:29,224 [main] DEBUG: edu.cmu.ri.createlab.terk.robot.finch.DefaultFinchController: DefaultFinchController.disconnect(): Now shutting down the HIDCommandExecutionQueue...
2011-08-30 11:24:29,224 [main] DEBUG: edu.cmu.ri.createlab.usb.hid.HIDCommandExecutionQueue: HIDCommandExecutionQueue.shutdown(): Shutting down the HID device command execution queue
2011-08-30 11:24:29,224 [main] DEBUG: edu.cmu.ri.createlab.usb.hid.HIDCommandExecutionQueue: HIDCommandExecutionQueue.shutdown(): Unexecuted tasks: 0
2011-08-30 11:24:29,224 [main] DEBUG: edu.cmu.ri.createlab.usb.hid.HIDCommandExecutionQueue: HIDCommandExecutionQueue.shutdown(): Waiting for the HID device command execution queue to shutdown.
2011-08-30 11:24:29,224 [main] DEBUG: edu.cmu.ri.createlab.usb.hid.HIDCommandExecutionQueue: HIDCommandExecutionQueue.shutdown(): HID device command execution queue successfully shutdown
2011-08-30 11:24:29,224 [main] DEBUG: edu.cmu.ri.createlab.usb.hid.HIDCommandExecutionQueue: HIDCommandExecutionQueue.shutdown(): Now attempting to disconnect from the HID device...
2011-08-30 11:24:29,224 [main] DEBUG: edu.cmu.ri.createlab.usb.hid.hidapi.BaseHIDAPIDevice: BaseHIDAPIDevice.releaseDevice(): about to release device [0002:0005:00]
2011-08-30 11:24:29,224 [main] DEBUG: edu.cmu.ri.createlab.usb.hid.hidapi.BaseHIDAPIDevice: BaseHIDAPIDevice.releaseDevice(): done releasing [0002:0005:00]
2011-08-30 11:24:29,225 [main] DEBUG: edu.cmu.ri.createlab.usb.hid.hidapi.BaseHIDAPIDevice: BaseHIDAPIDevice.disconnect(): disconnected successfully
2011-08-30 11:24:29,225 [main] DEBUG: edu.cmu.ri.createlab.usb.hid.HIDCommandExecutionQueue: HIDCommandExecutionQueue.shutdown(): HID device disconnected successfully.
2011-08-30 11:24:29,225 [main] DEBUG: edu.cmu.ri.createlab.terk.robot.finch.LocalFinchConnectionStrategy: LocalFinchConnectionStrategy.handleConnectionStateChange(): OLD [Connected]  NEW [Disconnected]  port []
2011-08-30 11:24:29,225 [Thread-1] INFO : edu.cmu.ri.createlab.speech.AbstractMouth: Shutting down the mouth.
